<?xml version="1.0" encoding="UTF-8"?>
<!-- Generated by org.testng.reporters.JUnitReportReporter -->
<testsuite hostname="God" name="WebElementOper.elementOper.HandleMouseOver" tests="1" failures="0" timestamp="14 Jan 2018 05:19:07 GMT" time="37.948" errors="0">
  <testcase name="dragAndDropBYEx" time="37.948" classname="WebElementOper.elementOper.HandleMouseOver"/>
</testsuite> <!-- WebElementOper.elementOper.HandleMouseOver -->
