<?xml version="1.0" encoding="UTF-8"?>
<!-- Generated by org.testng.reporters.JUnitReportReporter -->
<testsuite hostname="God" name="WebElementOper.elementOper.ScrollTest" tests="1" failures="0" timestamp="13 Jan 2018 12:44:21 GMT" time="28.368" errors="0">
  <testcase name="scrollPageTest" time="28.368" classname="WebElementOper.elementOper.ScrollTest"/>
</testsuite> <!-- WebElementOper.elementOper.ScrollTest -->
