<?xml version="1.0" encoding="UTF-8"?>
<!-- Generated by org.testng.reporters.JUnitReportReporter -->
<testsuite hostname="God" name="WebElementOper.elementOper.Example" tests="1" failures="0" timestamp="13 Jan 2018 15:29:14 GMT" time="0.009" errors="0">
  <testcase name="testexam" time="0.009" classname="WebElementOper.elementOper.Example"/>
</testsuite> <!-- WebElementOper.elementOper.Example -->
