<?xml version="1.0" encoding="UTF-8"?>
<!-- Generated by org.testng.reporters.JUnitReportReporter -->
<testsuite hostname="God" name="WebElementOper.elementOper.HandleMouseOver" tests="1" failures="0" timestamp="14 Jan 2018 06:08:35 GMT" time="19.307" errors="0">
  <testcase name="dragAndDropBYEx" time="19.307" classname="WebElementOper.elementOper.HandleMouseOver"/>
</testsuite> <!-- WebElementOper.elementOper.HandleMouseOver -->
